{"D:\\NamasteReact\\FoodOrderingApp\\src\\components\\Body.js": {"path":"D:\\NamasteReact\\FoodOrderingApp\\src\\components\\Body.js","statementMap":{"0":{"start":{"line":9,"column":13},"end":{"line":201,"column":1}},"1":{"start":{"line":10,"column":38},"end":{"line":10,"column":61}},"2":{"start":{"line":12,"column":26},"end":{"line":12,"column":64}},"3":{"start":{"line":13,"column":38},"end":{"line":13,"column":50}},"4":{"start":{"line":19,"column":6},"end":{"line":19,"column":25}},"5":{"start":{"line":23,"column":23},"end":{"line":23,"column":40}},"6":{"start":{"line":25,"column":2},"end":{"line":109,"column":3}},"7":{"start":{"line":26,"column":4},"end":{"line":108,"column":6}},"8":{"start":{"line":111,"column":2},"end":{"line":200,"column":4}},"9":{"start":{"line":123,"column":14},"end":{"line":123,"column":44}},"10":{"start":{"line":133,"column":42},"end":{"line":137,"column":15}},"11":{"start":{"line":134,"column":16},"end":{"line":136,"column":60}},"12":{"start":{"line":138,"column":14},"end":{"line":138,"column":64}},"13":{"start":{"line":156,"column":33},"end":{"line":158,"column":13}},"14":{"start":{"line":157,"column":23},"end":{"line":157,"column":47}},"15":{"start":{"line":159,"column":12},"end":{"line":159,"column":55}},"16":{"start":{"line":182,"column":93},"end":{"line":182,"column":120}},"17":{"start":{"line":188,"column":10},"end":{"line":196,"column":17}}},"fnMap":{"0":{"name":"(anonymous_0)","decl":{"start":{"line":9,"column":13},"end":{"line":9,"column":14}},"loc":{"start":{"line":9,"column":19},"end":{"line":201,"column":1}},"line":9},"1":{"name":"(anonymous_1)","decl":{"start":{"line":122,"column":22},"end":{"line":122,"column":23}},"loc":{"start":{"line":122,"column":29},"end":{"line":124,"column":13}},"line":122},"2":{"name":"(anonymous_2)","decl":{"start":{"line":129,"column":21},"end":{"line":129,"column":22}},"loc":{"start":{"line":129,"column":27},"end":{"line":139,"column":13}},"line":129},"3":{"name":"(anonymous_3)","decl":{"start":{"line":133,"column":67},"end":{"line":133,"column":68}},"loc":{"start":{"line":134,"column":16},"end":{"line":136,"column":60}},"line":134},"4":{"name":"(anonymous_4)","decl":{"start":{"line":155,"column":19},"end":{"line":155,"column":20}},"loc":{"start":{"line":155,"column":25},"end":{"line":160,"column":11}},"line":155},"5":{"name":"(anonymous_5)","decl":{"start":{"line":157,"column":14},"end":{"line":157,"column":15}},"loc":{"start":{"line":157,"column":23},"end":{"line":157,"column":47}},"line":157},"6":{"name":"(anonymous_6)","decl":{"start":{"line":182,"column":88},"end":{"line":182,"column":89}},"loc":{"start":{"line":182,"column":93},"end":{"line":182,"column":120}},"line":182},"7":{"name":"(anonymous_7)","decl":{"start":{"line":187,"column":39},"end":{"line":187,"column":40}},"loc":{"start":{"line":188,"column":10},"end":{"line":196,"column":17}},"line":188}},"branchMap":{"0":{"loc":{"start":{"line":25,"column":2},"end":{"line":109,"column":3}},"type":"if","locations":[{"start":{"line":25,"column":2},"end":{"line":109,"column":3}},{"start":{},"end":{}}],"line":25},"1":{"loc":{"start":{"line":111,"column":9},"end":{"line":200,"column":3}},"type":"cond-expr","locations":[{"start":{"line":112,"column":4},"end":{"line":112,"column":26}},{"start":{"line":114,"column":4},"end":{"line":199,"column":10}}],"line":111}},"s":{"0":1,"1":7,"2":6,"3":6,"4":6,"5":6,"6":6,"7":0,"8":6,"9":1,"10":1,"11":8,"12":1,"13":0,"14":0,"15":0,"16":0,"17":24},"f":{"0":7,"1":1,"2":1,"3":8,"4":0,"5":0,"6":0,"7":24},"b":{"0":[0,6],"1":[2,4]},"_coverageSchema":"1a1c01bbd47fc00a2c39e90264f33305004495a9","hash":"a5417206c5ba87d7e60e0d9fa3a9b63a087aca83"}
,"D:\\NamasteReact\\FoodOrderingApp\\src\\components\\Contact.js": {"path":"D:\\NamasteReact\\FoodOrderingApp\\src\\components\\Contact.js","statementMap":{"0":{"start":{"line":3,"column":16},"end":{"line":77,"column":1}},"1":{"start":{"line":4,"column":34},"end":{"line":8,"column":4}},"2":{"start":{"line":10,"column":23},"end":{"line":16,"column":3}},"3":{"start":{"line":11,"column":28},"end":{"line":11,"column":36}},"4":{"start":{"line":12,"column":4},"end":{"line":15,"column":7}},"5":{"start":{"line":18,"column":23},"end":{"line":22,"column":3}},"6":{"start":{"line":19,"column":4},"end":{"line":19,"column":23}},"7":{"start":{"line":21,"column":4},"end":{"line":21,"column":26}},"8":{"start":{"line":24,"column":2},"end":{"line":76,"column":4}}},"fnMap":{"0":{"name":"(anonymous_0)","decl":{"start":{"line":3,"column":16},"end":{"line":3,"column":17}},"loc":{"start":{"line":3,"column":22},"end":{"line":77,"column":1}},"line":3},"1":{"name":"(anonymous_1)","decl":{"start":{"line":10,"column":23},"end":{"line":10,"column":24}},"loc":{"start":{"line":10,"column":30},"end":{"line":16,"column":3}},"line":10},"2":{"name":"(anonymous_2)","decl":{"start":{"line":18,"column":23},"end":{"line":18,"column":24}},"loc":{"start":{"line":18,"column":30},"end":{"line":22,"column":3}},"line":18}},"branchMap":{},"s":{"0":1,"1":4,"2":4,"3":0,"4":0,"5":4,"6":0,"7":0,"8":4},"f":{"0":4,"1":0,"2":0},"b":{},"_coverageSchema":"1a1c01bbd47fc00a2c39e90264f33305004495a9","hash":"e0982d9bb9d8fda2544e98d4b2978bfc93692c0b"}
,"D:\\NamasteReact\\FoodOrderingApp\\src\\components\\Header.js": {"path":"D:\\NamasteReact\\FoodOrderingApp\\src\\components\\Header.js","statementMap":{"0":{"start":{"line":9,"column":15},"end":{"line":69,"column":1}},"1":{"start":{"line":11,"column":23},"end":{"line":11,"column":46}},"2":{"start":{"line":12,"column":38},"end":{"line":12,"column":55}},"3":{"start":{"line":14,"column":23},"end":{"line":14,"column":40}},"4":{"start":{"line":17,"column":20},"end":{"line":17,"column":59}},"5":{"start":{"line":17,"column":42},"end":{"line":17,"column":58}},"6":{"start":{"line":18,"column":2},"end":{"line":18,"column":49}},"7":{"start":{"line":19,"column":2},"end":{"line":68,"column":4}},"8":{"start":{"line":57,"column":14},"end":{"line":57,"column":73}}},"fnMap":{"0":{"name":"(anonymous_0)","decl":{"start":{"line":9,"column":15},"end":{"line":9,"column":16}},"loc":{"start":{"line":9,"column":21},"end":{"line":69,"column":1}},"line":9},"1":{"name":"(anonymous_1)","decl":{"start":{"line":17,"column":32},"end":{"line":17,"column":33}},"loc":{"start":{"line":17,"column":42},"end":{"line":17,"column":58}},"line":17},"2":{"name":"(anonymous_2)","decl":{"start":{"line":56,"column":21},"end":{"line":56,"column":22}},"loc":{"start":{"line":56,"column":27},"end":{"line":58,"column":13}},"line":56}},"branchMap":{"0":{"loc":{"start":{"line":32,"column":28},"end":{"line":32,"column":53}},"type":"cond-expr","locations":[{"start":{"line":32,"column":43},"end":{"line":32,"column":46}},{"start":{"line":32,"column":49},"end":{"line":32,"column":53}}],"line":32},"1":{"loc":{"start":{"line":57,"column":28},"end":{"line":57,"column":71}},"type":"cond-expr","locations":[{"start":{"line":57,"column":53},"end":{"line":57,"column":61}},{"start":{"line":57,"column":64},"end":{"line":57,"column":71}}],"line":57}},"s":{"0":1,"1":3,"2":3,"3":3,"4":3,"5":5,"6":3,"7":3,"8":1},"f":{"0":3,"1":5,"2":1},"b":{"0":[3,0],"1":[1,0]},"_coverageSchema":"1a1c01bbd47fc00a2c39e90264f33305004495a9","hash":"ddecaeef79774f5c3658dce1f068dd1957af478d"}
,"D:\\NamasteReact\\FoodOrderingApp\\src\\components\\RestaurantCard.js": {"path":"D:\\NamasteReact\\FoodOrderingApp\\src\\components\\RestaurantCard.js","statementMap":{"0":{"start":{"line":3,"column":23},"end":{"line":25,"column":1}},"1":{"start":{"line":4,"column":22},"end":{"line":4,"column":27}},"2":{"start":{"line":6,"column":4},"end":{"line":6,"column":17}},"3":{"start":{"line":8,"column":2},"end":{"line":24,"column":4}},"4":{"start":{"line":29,"column":38},"end":{"line":38,"column":1}},"5":{"start":{"line":30,"column":2},"end":{"line":37,"column":4}},"6":{"start":{"line":31,"column":4},"end":{"line":36,"column":6}}},"fnMap":{"0":{"name":"(anonymous_0)","decl":{"start":{"line":3,"column":23},"end":{"line":3,"column":24}},"loc":{"start":{"line":3,"column":34},"end":{"line":25,"column":1}},"line":3},"1":{"name":"(anonymous_1)","decl":{"start":{"line":29,"column":38},"end":{"line":29,"column":39}},"loc":{"start":{"line":29,"column":58},"end":{"line":38,"column":1}},"line":29},"2":{"name":"(anonymous_2)","decl":{"start":{"line":30,"column":9},"end":{"line":30,"column":10}},"loc":{"start":{"line":30,"column":20},"end":{"line":37,"column":3}},"line":30}},"branchMap":{},"s":{"0":1,"1":25,"2":24,"3":24,"4":1,"5":6,"6":0},"f":{"0":25,"1":6,"2":0},"b":{},"_coverageSchema":"1a1c01bbd47fc00a2c39e90264f33305004495a9","hash":"1dda6157c35fa1cdd0ae0596477652d0caaa6c84"}
,"D:\\NamasteReact\\FoodOrderingApp\\src\\components\\Shimmer.js": {"path":"D:\\NamasteReact\\FoodOrderingApp\\src\\components\\Shimmer.js","statementMap":{"0":{"start":{"line":1,"column":20},"end":{"line":20,"column":1}},"1":{"start":{"line":2,"column":2},"end":{"line":19,"column":4}},"2":{"start":{"line":5,"column":8},"end":{"line":16,"column":14}}},"fnMap":{"0":{"name":"(anonymous_0)","decl":{"start":{"line":1,"column":20},"end":{"line":1,"column":21}},"loc":{"start":{"line":1,"column":40},"end":{"line":20,"column":1}},"line":1},"1":{"name":"(anonymous_1)","decl":{"start":{"line":4,"column":41},"end":{"line":4,"column":42}},"loc":{"start":{"line":5,"column":8},"end":{"line":16,"column":14}},"line":5}},"branchMap":{"0":{"loc":{"start":{"line":1,"column":23},"end":{"line":1,"column":33}},"type":"default-arg","locations":[{"start":{"line":1,"column":31},"end":{"line":1,"column":33}}],"line":1}},"s":{"0":1,"1":2,"2":20},"f":{"0":2,"1":20},"b":{"0":[0]},"_coverageSchema":"1a1c01bbd47fc00a2c39e90264f33305004495a9","hash":"92bbcfcf8960fb4b01f7ff670ee9df6f54b514c5"}
,"D:\\NamasteReact\\FoodOrderingApp\\src\\components\\sum.js": {"path":"D:\\NamasteReact\\FoodOrderingApp\\src\\components\\sum.js","statementMap":{"0":{"start":{"line":1,"column":19},"end":{"line":3,"column":1}},"1":{"start":{"line":2,"column":4},"end":{"line":2,"column":15}}},"fnMap":{"0":{"name":"(anonymous_0)","decl":{"start":{"line":1,"column":19},"end":{"line":1,"column":20}},"loc":{"start":{"line":1,"column":28},"end":{"line":3,"column":1}},"line":1}},"branchMap":{},"s":{"0":1,"1":1},"f":{"0":1},"b":{},"_coverageSchema":"1a1c01bbd47fc00a2c39e90264f33305004495a9","hash":"1d9032b30e50a2838ac242b101489c89ce64a9f8"}
,"D:\\NamasteReact\\FoodOrderingApp\\src\\utils\\UserContext.js": {"path":"D:\\NamasteReact\\FoodOrderingApp\\src\\utils\\UserContext.js","statementMap":{"0":{"start":{"line":3,"column":20},"end":{"line":7,"column":1}}},"fnMap":{},"branchMap":{},"s":{"0":2},"f":{},"b":{},"_coverageSchema":"1a1c01bbd47fc00a2c39e90264f33305004495a9","hash":"a869ec8a7f0bcf4f5bb479d87e99ce55114fdc03"}
,"D:\\NamasteReact\\FoodOrderingApp\\src\\utils\\appStore.js": {"path":"D:\\NamasteReact\\FoodOrderingApp\\src\\utils\\appStore.js","statementMap":{"0":{"start":{"line":5,"column":17},"end":{"line":11,"column":1}}},"fnMap":{},"branchMap":{},"s":{"0":1},"f":{},"b":{},"_coverageSchema":"1a1c01bbd47fc00a2c39e90264f33305004495a9","hash":"5e11e25469f31822080fc68e5c40498044d8d96c"}
,"D:\\NamasteReact\\FoodOrderingApp\\src\\utils\\cartSlice.js": {"path":"D:\\NamasteReact\\FoodOrderingApp\\src\\utils\\cartSlice.js","statementMap":{"0":{"start":{"line":3,"column":18},"end":{"line":25,"column":2}},"1":{"start":{"line":11,"column":12},"end":{"line":11,"column":45}},"2":{"start":{"line":14,"column":26},"end":{"line":16,"column":13}},"3":{"start":{"line":15,"column":24},"end":{"line":15,"column":73}},"4":{"start":{"line":17,"column":12},"end":{"line":19,"column":13}},"5":{"start":{"line":18,"column":14},"end":{"line":18,"column":43}},"6":{"start":{"line":22,"column":12},"end":{"line":22,"column":33}},"7":{"start":{"line":34,"column":50},"end":{"line":34,"column":67}}},"fnMap":{"0":{"name":"(anonymous_0)","decl":{"start":{"line":9,"column":16},"end":{"line":9,"column":17}},"loc":{"start":{"line":9,"column":32},"end":{"line":12,"column":9}},"line":9},"1":{"name":"(anonymous_1)","decl":{"start":{"line":13,"column":20},"end":{"line":13,"column":21}},"loc":{"start":{"line":13,"column":39},"end":{"line":20,"column":11}},"line":13},"2":{"name":"(anonymous_2)","decl":{"start":{"line":15,"column":14},"end":{"line":15,"column":15}},"loc":{"start":{"line":15,"column":24},"end":{"line":15,"column":73}},"line":15},"3":{"name":"(anonymous_3)","decl":{"start":{"line":21,"column":18},"end":{"line":21,"column":19}},"loc":{"start":{"line":21,"column":27},"end":{"line":23,"column":9}},"line":21}},"branchMap":{"0":{"loc":{"start":{"line":17,"column":12},"end":{"line":19,"column":13}},"type":"if","locations":[{"start":{"line":17,"column":12},"end":{"line":19,"column":13}},{"start":{},"end":{}}],"line":17}},"s":{"0":1,"1":0,"2":0,"3":0,"4":0,"5":0,"6":0,"7":1},"f":{"0":0,"1":0,"2":0,"3":0},"b":{"0":[0,0]},"_coverageSchema":"1a1c01bbd47fc00a2c39e90264f33305004495a9","hash":"b1709f7c60382b307cae0dad27be7cb695eea2bf"}
,"D:\\NamasteReact\\FoodOrderingApp\\src\\utils\\constants.js": {"path":"D:\\NamasteReact\\FoodOrderingApp\\src\\utils\\constants.js","statementMap":{"0":{"start":{"line":1,"column":23},"end":{"line":1,"column":77}},"1":{"start":{"line":3,"column":24},"end":{"line":3,"column":135}},"2":{"start":{"line":5,"column":24},"end":{"line":5,"column":147}},"3":{"start":{"line":7,"column":28},"end":{"line":7,"column":166}},"4":{"start":{"line":9,"column":23},"end":{"line":9,"column":216}},"5":{"start":{"line":11,"column":27},"end":{"line":11,"column":226}}},"fnMap":{},"branchMap":{},"s":{"0":2,"1":2,"2":2,"3":2,"4":2,"5":2},"f":{},"b":{},"_coverageSchema":"1a1c01bbd47fc00a2c39e90264f33305004495a9","hash":"b42a5b8ef81e3f6b13ee674321c17a967623ba08"}
,"D:\\NamasteReact\\FoodOrderingApp\\src\\utils\\useOnlineStatus.js": {"path":"D:\\NamasteReact\\FoodOrderingApp\\src\\utils\\useOnlineStatus.js","statementMap":{"0":{"start":{"line":3,"column":24},"end":{"line":20,"column":1}},"1":{"start":{"line":5,"column":45},"end":{"line":5,"column":59}},"2":{"start":{"line":7,"column":4},"end":{"line":16,"column":11}},"3":{"start":{"line":8,"column":8},"end":{"line":10,"column":11}},"4":{"start":{"line":9,"column":12},"end":{"line":9,"column":34}},"5":{"start":{"line":12,"column":8},"end":{"line":14,"column":11}},"6":{"start":{"line":13,"column":12},"end":{"line":13,"column":35}},"7":{"start":{"line":18,"column":4},"end":{"line":18,"column":24}}},"fnMap":{"0":{"name":"(anonymous_0)","decl":{"start":{"line":3,"column":24},"end":{"line":3,"column":25}},"loc":{"start":{"line":3,"column":30},"end":{"line":20,"column":1}},"line":3},"1":{"name":"(anonymous_1)","decl":{"start":{"line":7,"column":14},"end":{"line":7,"column":15}},"loc":{"start":{"line":7,"column":20},"end":{"line":16,"column":5}},"line":7},"2":{"name":"(anonymous_2)","decl":{"start":{"line":8,"column":42},"end":{"line":8,"column":43}},"loc":{"start":{"line":8,"column":48},"end":{"line":10,"column":9}},"line":8},"3":{"name":"(anonymous_3)","decl":{"start":{"line":12,"column":43},"end":{"line":12,"column":44}},"loc":{"start":{"line":12,"column":49},"end":{"line":14,"column":9}},"line":12}},"branchMap":{},"s":{"0":2,"1":9,"2":9,"3":4,"4":0,"5":4,"6":0,"7":9},"f":{"0":9,"1":4,"2":0,"3":0},"b":{},"_coverageSchema":"1a1c01bbd47fc00a2c39e90264f33305004495a9","hash":"09e0b051f64e8e34a955cc410da3406f297dda1b"}
,"D:\\NamasteReact\\FoodOrderingApp\\src\\utils\\useRestaurantList.js": {"path":"D:\\NamasteReact\\FoodOrderingApp\\src\\utils\\useRestaurantList.js","statementMap":{"0":{"start":{"line":4,"column":26},"end":{"line":27,"column":5}},"1":{"start":{"line":6,"column":58},"end":{"line":6,"column":70}},"2":{"start":{"line":7,"column":74},"end":{"line":7,"column":86}},"3":{"start":{"line":9,"column":8},"end":{"line":11,"column":17}},"4":{"start":{"line":10,"column":12},"end":{"line":10,"column":24}},"5":{"start":{"line":13,"column":28},"end":{"line":24,"column":11}},"6":{"start":{"line":14,"column":25},"end":{"line":14,"column":50}},"7":{"start":{"line":16,"column":25},"end":{"line":16,"column":42}},"8":{"start":{"line":18,"column":12},"end":{"line":20,"column":16}},"9":{"start":{"line":21,"column":14},"end":{"line":23,"column":16}},"10":{"start":{"line":26,"column":10},"end":{"line":26,"column":95}}},"fnMap":{"0":{"name":"(anonymous_0)","decl":{"start":{"line":4,"column":26},"end":{"line":4,"column":27}},"loc":{"start":{"line":5,"column":4},"end":{"line":27,"column":5}},"line":5},"1":{"name":"(anonymous_1)","decl":{"start":{"line":9,"column":18},"end":{"line":9,"column":19}},"loc":{"start":{"line":9,"column":24},"end":{"line":11,"column":11}},"line":9},"2":{"name":"(anonymous_2)","decl":{"start":{"line":13,"column":28},"end":{"line":13,"column":29}},"loc":{"start":{"line":13,"column":40},"end":{"line":24,"column":11}},"line":13}},"branchMap":{},"s":{"0":1,"1":6,"2":6,"3":6,"4":2,"5":6,"6":2,"7":2,"8":2,"9":2,"10":6},"f":{"0":6,"1":2,"2":2},"b":{},"_coverageSchema":"1a1c01bbd47fc00a2c39e90264f33305004495a9","hash":"1614ee9ebc34a9f07ffaf5a5e3ffa2ae48cbea93"}
}
