TN:
SF:src\components\Body.js
FN:9,(anonymous_0)
FN:122,(anonymous_1)
FN:129,(anonymous_2)
FN:133,(anonymous_3)
FN:155,(anonymous_4)
FN:157,(anonymous_5)
FN:182,(anonymous_6)
FN:187,(anonymous_7)
FNF:8
FNH:5
FNDA:7,(anonymous_0)
FNDA:1,(anonymous_1)
FNDA:1,(anonymous_2)
FNDA:8,(anonymous_3)
FNDA:0,(anonymous_4)
FNDA:0,(anonymous_5)
FNDA:0,(anonymous_6)
FNDA:24,(anonymous_7)
DA:9,1
DA:10,7
DA:12,6
DA:13,6
DA:19,6
DA:23,6
DA:25,6
DA:26,0
DA:111,6
DA:123,1
DA:133,1
DA:134,8
DA:138,1
DA:156,0
DA:157,0
DA:159,0
DA:182,0
DA:188,24
LF:18
LH:13
BRDA:25,0,0,0
BRDA:25,0,1,6
BRDA:111,1,0,2
BRDA:111,1,1,4
BRF:4
BRH:3
end_of_record
TN:
SF:src\components\Contact.js
FN:3,(anonymous_0)
FN:10,(anonymous_1)
FN:18,(anonymous_2)
FNF:3
FNH:1
FNDA:4,(anonymous_0)
FNDA:0,(anonymous_1)
FNDA:0,(anonymous_2)
DA:3,1
DA:4,4
DA:10,4
DA:11,0
DA:12,0
DA:18,4
DA:19,0
DA:21,0
DA:24,4
LF:9
LH:5
BRF:0
BRH:0
end_of_record
TN:
SF:src\components\Header.js
FN:9,(anonymous_0)
FN:17,(anonymous_1)
FN:56,(anonymous_2)
FNF:3
FNH:3
FNDA:3,(anonymous_0)
FNDA:5,(anonymous_1)
FNDA:1,(anonymous_2)
DA:9,1
DA:11,3
DA:12,3
DA:14,3
DA:17,5
DA:18,3
DA:19,3
DA:57,1
LF:8
LH:8
BRDA:32,0,0,3
BRDA:32,0,1,0
BRDA:57,1,0,1
BRDA:57,1,1,0
BRF:4
BRH:2
end_of_record
TN:
SF:src\components\RestaurantCard.js
FN:3,(anonymous_0)
FN:29,(anonymous_1)
FN:30,(anonymous_2)
FNF:3
FNH:2
FNDA:25,(anonymous_0)
FNDA:6,(anonymous_1)
FNDA:0,(anonymous_2)
DA:3,1
DA:4,25
DA:6,24
DA:8,24
DA:29,1
DA:30,6
DA:31,0
LF:7
LH:6
BRF:0
BRH:0
end_of_record
TN:
SF:src\components\Shimmer.js
FN:1,(anonymous_0)
FN:4,(anonymous_1)
FNF:2
FNH:2
FNDA:2,(anonymous_0)
FNDA:20,(anonymous_1)
DA:1,1
DA:2,2
DA:5,20
LF:3
LH:3
BRDA:1,0,0,0
BRF:1
BRH:0
end_of_record
TN:
SF:src\components\sum.js
FN:1,(anonymous_0)
FNF:1
FNH:1
FNDA:1,(anonymous_0)
DA:1,1
DA:2,1
LF:2
LH:2
BRF:0
BRH:0
end_of_record
TN:
SF:src\utils\UserContext.js
FNF:0
FNH:0
DA:3,2
LF:1
LH:1
BRF:0
BRH:0
end_of_record
TN:
SF:src\utils\appStore.js
FNF:0
FNH:0
DA:5,1
LF:1
LH:1
BRF:0
BRH:0
end_of_record
TN:
SF:src\utils\cartSlice.js
FN:9,(anonymous_0)
FN:13,(anonymous_1)
FN:15,(anonymous_2)
FN:21,(anonymous_3)
FNF:4
FNH:0
FNDA:0,(anonymous_0)
FNDA:0,(anonymous_1)
FNDA:0,(anonymous_2)
FNDA:0,(anonymous_3)
DA:3,1
DA:11,0
DA:14,0
DA:15,0
DA:17,0
DA:18,0
DA:22,0
DA:34,1
LF:8
LH:2
BRDA:17,0,0,0
BRDA:17,0,1,0
BRF:2
BRH:0
end_of_record
TN:
SF:src\utils\constants.js
FNF:0
FNH:0
DA:1,2
DA:3,2
DA:5,2
DA:7,2
DA:9,2
DA:11,2
LF:6
LH:6
BRF:0
BRH:0
end_of_record
TN:
SF:src\utils\useOnlineStatus.js
FN:3,(anonymous_0)
FN:7,(anonymous_1)
FN:8,(anonymous_2)
FN:12,(anonymous_3)
FNF:4
FNH:2
FNDA:9,(anonymous_0)
FNDA:4,(anonymous_1)
FNDA:0,(anonymous_2)
FNDA:0,(anonymous_3)
DA:3,2
DA:5,9
DA:7,9
DA:8,4
DA:9,0
DA:12,4
DA:13,0
DA:18,9
LF:8
LH:6
BRF:0
BRH:0
end_of_record
TN:
SF:src\utils\useRestaurantList.js
FN:4,(anonymous_0)
FN:9,(anonymous_1)
FN:13,(anonymous_2)
FNF:3
FNH:3
FNDA:6,(anonymous_0)
FNDA:2,(anonymous_1)
FNDA:2,(anonymous_2)
DA:4,1
DA:6,6
DA:7,6
DA:9,6
DA:10,2
DA:13,6
DA:14,2
DA:16,2
DA:18,2
DA:21,2
DA:26,6
LF:11
LH:11
BRF:0
BRH:0
end_of_record
